TN:
SF:server.js
FNF:0
FNH:0
DA:1,1
DA:2,1
DA:3,1
DA:4,1
DA:5,1
DA:6,1
DA:7,1
DA:8,1
DA:9,1
DA:10,1
DA:11,1
DA:12,1
DA:13,1
DA:14,1
DA:15,1
DA:16,1
DA:17,1
DA:18,1
LF:18
LH:18
BRDA:12,0,0,0
BRDA:14,1,0,1
BRF:2
BRH:1
end_of_record
TN:
SF:controller/user.controller.js
FN:9,Object.<anonymous>.exports.find
FN:19,Object.<anonymous>.exports.add
FN:30,Object.<anonymous>.exports.update
FN:42,Object.<anonymous>.exports.delete
FNF:4
FNH:0
FNDA:0,Object.<anonymous>.exports.find
FNDA:0,Object.<anonymous>.exports.add
FNDA:0,Object.<anonymous>.exports.update
FNDA:0,Object.<anonymous>.exports.delete
DA:1,1
DA:2,1
DA:3,1
DA:4,1
DA:5,1
DA:6,1
DA:7,1
DA:8,1
DA:9,1
DA:10,0
DA:11,0
DA:12,0
DA:13,1
DA:14,1
DA:15,1
DA:16,1
DA:17,1
DA:18,1
DA:19,1
DA:20,0
DA:21,0
DA:22,0
DA:23,0
DA:24,1
DA:25,1
DA:26,1
DA:27,1
DA:28,1
DA:29,1
DA:30,1
DA:31,0
DA:32,0
DA:33,0
DA:34,0
DA:35,1
DA:36,1
DA:37,1
DA:38,1
DA:39,1
DA:40,1
DA:41,1
DA:42,1
DA:43,0
DA:44,0
DA:45,0
DA:46,0
LF:46
LH:31
BRF:0
BRH:0
end_of_record
TN:
SF:database/mongo.js
FN:11,Object.<anonymous>.exports.connect
FN:17,Object.<anonymous>.exports.closeDatabase
FN:25,Object.<anonymous>.exports.clearDatabase
FN:47,Object.<anonymous>.exports.close
FNF:4
FNH:3
FNDA:1,Object.<anonymous>.exports.connect
FNDA:1,Object.<anonymous>.exports.closeDatabase
FNDA:1,Object.<anonymous>.exports.clearDatabase
FNDA:0,Object.<anonymous>.exports.close
DA:1,1
DA:2,1
DA:3,1
DA:4,1
DA:5,1
DA:6,1
DA:7,1
DA:8,1
DA:9,1
DA:10,1
DA:11,1
DA:12,1
DA:13,1
DA:14,1
DA:15,1
DA:16,1
DA:17,1
DA:18,1
DA:19,0
DA:20,0
DA:21,1
DA:22,1
DA:23,1
DA:24,1
DA:25,1
DA:26,1
DA:27,1
DA:28,1
DA:29,1
DA:30,1
DA:31,1
DA:32,1
DA:33,1
DA:34,1
DA:35,1
DA:36,1
DA:37,1
DA:38,1
DA:39,0
DA:40,0
DA:41,0
DA:42,0
DA:43,0
DA:44,0
DA:45,0
DA:46,1
DA:47,1
LF:47
LH:38
BRDA:34,0,0,0
BRDA:38,1,0,0
BRDA:11,2,0,1
BRDA:17,3,0,1
BRDA:18,4,0,0
BRDA:25,5,0,1
BRF:6
BRH:3
end_of_record
TN:
SF:helpers/catchAsync.js
FN:7,Object.<anonymous>.module.exports
FNF:1
FNH:0
FNDA:0,Object.<anonymous>.module.exports
DA:1,1
DA:2,1
DA:3,1
DA:4,1
DA:5,1
DA:6,1
DA:7,1
DA:8,0
DA:9,0
DA:10,0
DA:11,0
LF:11
LH:7
BRF:0
BRH:0
end_of_record
TN:
SF:models/user.js
FNF:0
FNH:0
DA:1,1
DA:2,1
DA:3,1
DA:4,1
DA:5,1
DA:6,1
DA:7,1
DA:8,1
DA:9,1
DA:10,1
DA:11,1
DA:12,1
DA:13,1
DA:14,1
DA:15,1
DA:16,1
DA:17,1
DA:18,1
DA:19,1
DA:20,1
DA:21,1
DA:22,0
DA:23,0
DA:24,0
DA:25,0
DA:26,0
DA:27,0
DA:28,0
DA:29,0
DA:30,0
DA:31,0
DA:32,1
DA:33,1
DA:34,1
DA:35,1
LF:35
LH:25
BRF:0
BRH:0
end_of_record
TN:
SF:router/router.js
FNF:0
FNH:0
DA:1,1
DA:2,1
DA:3,1
DA:4,1
DA:5,1
DA:6,1
DA:7,1
LF:7
LH:7
BRF:0
BRH:0
end_of_record
TN:
SF:router/user.routes.js
FNF:0
FNH:0
DA:1,1
DA:2,1
DA:3,1
DA:4,1
DA:5,1
DA:6,1
DA:7,1
DA:8,1
DA:9,1
LF:9
LH:9
BRF:0
BRH:0
end_of_record
